# TODO Tool Log File
# Format: TIMESTAMP | USER | ACTION | TASK_ID | DESCRIPTION
# Generated: Thu Oct 30 21:17:25 CET 2025

2025-10-30 22:45:42 | fxstein | ADD_SUBTASK | 22.3 | Option 3: Auto-check version on startup (informational only) (parent: #22)
2025-10-30 22:45:42 | fxstein | ADD_SUBTASK | 22.2 | Option 2: Add version info + update command (parent: #22)
2025-10-30 22:45:42 | fxstein | ADD_SUBTASK | 22.1 | Option 1: Simple re-download instruction in README (parent: #22)
2025-10-30 22:45:40 | fxstein | ADD | 22 | Create update instructions and functions for todo.zsh
2025-10-30 22:34:00 | fxstein | ADD | 21 | Ensure .todo/ is tracked in git - not in gitignore or explicitly added
2025-10-30 22:11:16 | fxstein | ARCHIVE | 20 | Create radically simplified README.md (with 0 subtasks)
2025-10-30 22:11:16 | fxstein | COMPLETE | 20 | Create radically simplified README.md
2025-10-30 22:10:15 | fxstein | ADD | 20 | Create radically simplified README.md
2025-10-30 22:08:43 | fxstein | ARCHIVE | 6 | Update TODO.md template for this repository (with 0 subtasks)
2025-10-30 22:08:42 | fxstein | COMPLETE | 6 | Update TODO.md template for this repository
2025-10-30 22:08:09 | fxstein | ADD | 19 | Move Deleted Tasks section below Recently Completed section
2025-10-30 22:07:26 | fxstein | DELETE | 4 | Test task
2025-10-30 22:04:48 | fxstein | ARCHIVE | 18 | Fix TODO.md header upon initialization - use repo name dynamically (with 1 subtasks)
2025-10-30 22:04:46 | fxstein | COMPLETE | 18.1 | Remove path from todo.zsh upon init
2025-10-30 22:04:46 | fxstein | COMPLETE | 18 | Fix TODO.md header upon initialization - use repo name dynamically
2025-10-30 21:57:16 | fxstein | ADD_SUBTASK | 18.1 | Remove path from todo.zsh upon init (parent: #18)
2025-10-30 21:55:04 | fxstein | ADD | 18 | Fix TODO.md header upon initialization - use repo name dynamically
2025-10-30 21:53:03 | fxstein | ADD_SUBTASK | 17.3 | Ensure TODO.md and .todo/ are always committed together (parent: #17)
2025-10-30 21:53:03 | fxstein | ADD_SUBTASK | 17.2 | Enforce todo.zsh usage for all task tracking (parent: #17)
2025-10-30 21:53:01 | fxstein | ADD_SUBTASK | 17.1 | Enforce todo.zsh usage for all task tracking (parent: #17)
2025-10-30 21:53:00 | fxstein | ADD | 17 | Create Cursor rules for repository
2025-10-30 21:49:49 | fxstein | MODIFY | 7 | Remove gitignore entry for .todo directory - .todo/ must be tracked in git
2025-10-30 21:49:44 | fxstein | MODIFY | 7 | Remove gitignore entry for .todo directory - .todo/ must be tracked in git
2025-10-30 21:49:39 | fxstein | MODIFY | 7 | Test with special chars / - & |
2025-10-30 21:49:38 | fxstein | MODIFY | 7 | Remove gitignore entry for .todo directory - .todo/ must be tracked in git
