# Release Log

This log contains detailed timestamps of all release operations performed by the release script.

## 2025-11-01 10:54:52 - ERROR - Uncommitted Changes

Release aborted due to uncommitted changes:

 D "todo.ai ''"

## 2025-11-01 10:54:55 - RELEASE START

Starting release process:
- Current version: 1.3.0
- Proposed version: 1.3.1
- Bump type: patch
- Last tag: v1.3.0
- Summary file: RELEASE_SUMMARY.md

## 2025-11-01 10:54:56 - CONFIRMED

Release confirmed by user

## 2025-11-01 10:54:56 - UPDATE VERSION

Updating version in todo.ai from 1.3.0 to 1.3.1

## 2025-11-01 10:54:56 - VERSION UPDATED

Version updated successfully in todo.ai

## 2025-11-01 10:54:56 - COMMIT VERSION

Committing version change to git

## 2025-11-01 10:54:56 - VERSION COMMITTED

Version change committed: [main 8c15692] Bump version to 1.3.1
 1 file changed, 2 insertions(+), 2 deletions(-)

## 2025-11-01 10:54:56 - CREATE TAG

Creating git tag: v1.3.1

## 2025-11-01 10:54:56 - TAG CREATED

Git tag v1.3.1 created successfully

## 2025-11-01 10:54:56 - PUSH MAIN

Pushing main branch to origin

## 2025-11-01 10:54:57 - PUSH TAG

Pushing tag v1.3.1 to origin

## 2025-11-01 10:54:58 - CREATE GITHUB RELEASE

Creating GitHub release for tag v1.3.1

## 2025-11-01 10:55:00 - GITHUB RELEASE CREATED

GitHub release created successfully for v1.3.1
Output: https://github.com/fxstein/todo.ai/releases/tag/v1.3.1

## 2025-11-01 10:55:00 - RELEASE COMPLETE

Release 1.3.1 published successfully!
- Tag: v1.3.1
- URL: https://github.com/fxstein/todo.ai/releases/tag/v1.3.1
- Release log: /Users/oratzes/cursor/todo.ai/RELEASE_LOG.md

